# JRE version: OpenJDK Runtime Environment (8.0_152-b01) (build 1.8.0_152-release-1024-b01)
# Java VM: OpenJDK 64-Bit Server VM (25.152-b01 mixed mode linux-amd64 compressed oops)
Heap:
 PSYoungGen      total 274944K, used 14819K [0x00000000e0000000, 0x00000000f1b00000, 0x0000000100000000)
  eden space 260096K, 0% used [0x00000000e0000000,0x00000000e0000000,0x00000000efe00000)
  from space 14848K, 99% used [0x00000000efe00000,0x00000000f0c78f48,0x00000000f0c80000)
  to   space 13824K, 0% used [0x00000000f0d80000,0x00000000f0d80000,0x00000000f1b00000)
 ParOldGen       total 61952K, used 25729K [0x00000000a0000000, 0x00000000a3c80000, 0x00000000e0000000)
  object space 61952K, 41% used [0x00000000a0000000,0x00000000a1920790,0x00000000a3c80000)
 Metaspace       used 51015K, capacity 52660K, committed 52864K, reserved 1095680K
  class space    used 7033K, capacity 7436K, committed 7552K, reserved 1048576K
GC Heap History (10 events):
Event: 25.390 GC heap after
Heap after GC invocations=4 (full 0):
 PSYoungGen      total 136192K, used 5096K [0x00000000e0000000, 0x00000000e8a00000, 0x0000000100000000)
  eden space 131072K, 0% used [0x00000000e0000000,0x00000000e0000000,0x00000000e8000000)
  from space 5120K, 99% used [0x00000000e8500000,0x00000000e89fa310,0x00000000e8a00000)
  to   space 5120K, 0% used [0x00000000e8000000,0x00000000e8000000,0x00000000e8500000)
 ParOldGen       total 86016K, used 9141K [0x00000000a0000000, 0x00000000a5400000, 0x00000000e0000000)
  object space 86016K, 10% used [0x00000000a0000000,0x00000000a08ed698,0x00000000a5400000)
 Metaspace       used 20662K, capacity 21062K, committed 21248K, reserved 1067008K
  class space    used 2902K, capacity 3038K, committed 3072K, reserved 1048576K
}
Event: 25.390 GC heap before
{Heap before GC invocations=5 (full 1):
 PSYoungGen      total 136192K, used 5096K [0x00000000e0000000, 0x00000000e8a00000, 0x0000000100000000)
  eden space 131072K, 0% used [0x00000000e0000000,0x00000000e0000000,0x00000000e8000000)
  from space 5120K, 99% used [0x00000000e8500000,0x00000000e89fa310,0x00000000e8a00000)
  to   space 5120K, 0% used [0x00000000e8000000,0x00000000e8000000,0x00000000e8500000)
 ParOldGen       total 86016K, used 9141K [0x00000000a0000000, 0x00000000a5400000, 0x00000000e0000000)
  object space 86016K, 10% used [0x00000000a0000000,0x00000000a08ed698,0x00000000a5400000)
 Metaspace       used 20662K, capacity 21062K, committed 21248K, reserved 1067008K
  class space    used 2902K, capacity 3038K, committed 3072K, reserved 1048576K
Event: 25.431 GC heap after
Heap after GC invocations=5 (full 1):
 PSYoungGen      total 136192K, used 0K [0x00000000e0000000, 0x00000000e8a00000, 0x0000000100000000)
  eden space 131072K, 0% used [0x00000000e0000000,0x00000000e0000000,0x00000000e8000000)
  from space 5120K, 0% used [0x00000000e8500000,0x00000000e8500000,0x00000000e8a00000)
  to   space 5120K, 0% used [0x00000000e8000000,0x00000000e8000000,0x00000000e8500000)
 ParOldGen       total 47104K, used 7938K [0x00000000a0000000, 0x00000000a2e00000, 0x00000000e0000000)
  object space 47104K, 16% used [0x00000000a0000000,0x00000000a07c0b40,0x00000000a2e00000)
 Metaspace       used 20662K, capacity 21062K, committed 21248K, reserved 1067008K
  class space    used 2902K, capacity 3038K, committed 3072K, reserved 1048576K
}
Event: 49.156 GC heap before
{Heap before GC invocations=6 (full 1):
 PSYoungGen      total 136192K, used 131072K [0x00000000e0000000, 0x00000000e8a00000, 0x0000000100000000)
  eden space 131072K, 100% used [0x00000000e0000000,0x00000000e8000000,0x00000000e8000000)
  from space 5120K, 0% used [0x00000000e8500000,0x00000000e8500000,0x00000000e8a00000)
  to   space 5120K, 0% used [0x00000000e8000000,0x00000000e8000000,0x00000000e8500000)
 ParOldGen       total 47104K, used 7938K [0x00000000a0000000, 0x00000000a2e00000, 0x00000000e0000000)
  object space 47104K, 16% used [0x00000000a0000000,0x00000000a07c0b40,0x00000000a2e00000)
 Metaspace       used 30085K, capacity 30726K, committed 30848K, reserved 1075200K
  class space    used 4248K, capacity 4480K, committed 4480K, reserved 1048576K
Event: 49.173 GC heap after
Heap after GC invocations=6 (full 1):
 PSYoungGen      total 136192K, used 5104K [0x00000000e0000000, 0x00000000f1c80000, 0x0000000100000000)
  eden space 131072K, 0% used [0x00000000e0000000,0x00000000e0000000,0x00000000e8000000)
  from space 5120K, 99% used [0x00000000e8000000,0x00000000e84fc030,0x00000000e8500000)
  to   space 15360K, 0% used [0x00000000f0d80000,0x00000000f0d80000,0x00000000f1c80000)
 ParOldGen       total 47104K, used 16671K [0x00000000a0000000, 0x00000000a2e00000, 0x00000000e0000000)
  object space 47104K, 35% used [0x00000000a0000000,0x00000000a1047d80,0x00000000a2e00000)
 Metaspace       used 30085K, capacity 30726K, committed 30848K, reserved 1075200K
  class space    used 4248K, capacity 4480K, committed 4480K, reserved 1048576K
}
Event: 61.094 GC heap before
{Heap before GC invocations=7 (full 1):
 PSYoungGen      total 136192K, used 40138K [0x00000000e0000000, 0x00000000f1c80000, 0x0000000100000000)
  eden space 131072K, 26% used [0x00000000e0000000,0x00000000e2236a18,0x00000000e8000000)
  from space 5120K, 99% used [0x00000000e8000000,0x00000000e84fc030,0x00000000e8500000)
  to   space 15360K, 0% used [0x00000000f0d80000,0x00000000f0d80000,0x00000000f1c80000)
 ParOldGen       total 47104K, used 16671K [0x00000000a0000000, 0x00000000a2e00000, 0x00000000e0000000)
  object space 47104K, 35% used [0x00000000a0000000,0x00000000a1047d80,0x00000000a2e00000)
 Metaspace       used 34496K, capacity 35290K, committed 35416K, reserved 1079296K
  class space    used 4832K, capacity 5090K, committed 5120K, reserved 1048576K
Event: 61.129 GC heap after
Heap after GC invocations=7 (full 1):
 PSYoungGen      total 273920K, used 9495K [0x00000000e0000000, 0x00000000f1b00000, 0x0000000100000000)
  eden space 260096K, 0% used [0x00000000e0000000,0x00000000e0000000,0x00000000efe00000)
  from space 13824K, 68% used [0x00000000f0d80000,0x00000000f16c5d40,0x00000000f1b00000)
  to   space 14848K, 0% used [0x00000000efe00000,0x00000000efe00000,0x00000000f0c80000)
 ParOldGen       total 47104K, used 16679K [0x00000000a0000000, 0x00000000a2e00000, 0x00000000e0000000)
  object space 47104K, 35% used [0x00000000a0000000,0x00000000a1049d80,0x00000000a2e00000)
 Metaspace       used 34496K, capacity 35290K, committed 35416K, reserved 1079296K
  class space    used 4832K, capacity 5090K, committed 5120K, reserved 1048576K
}
Event: 61.129 GC heap before
{Heap before GC invocations=8 (full 2):
 PSYoungGen      total 273920K, used 9495K [0x00000000e0000000, 0x00000000f1b00000, 0x0000000100000000)
  eden space 260096K, 0% used [0x00000000e0000000,0x00000000e0000000,0x00000000efe00000)
  from space 13824K, 68% used [0x00000000f0d80000,0x00000000f16c5d40,0x00000000f1b00000)
  to   space 14848K, 0% used [0x00000000efe00000,0x00000000efe00000,0x00000000f0c80000)
 ParOldGen       total 47104K, used 16679K [0x00000000a0000000, 0x00000000a2e00000, 0x00000000e0000000)
  object space 47104K, 35% used [0x00000000a0000000,0x00000000a1049d80,0x00000000a2e00000)
 Metaspace       used 34496K, capacity 35290K, committed 35416K, reserved 1079296K
  class space    used 4832K, capacity 5090K, committed 5120K, reserved 1048576K
Event: 61.168 GC heap after
Heap after GC invocations=8 (full 2):
 PSYoungGen      total 273920K, used 0K [0x00000000e0000000, 0x00000000f1b00000, 0x0000000100000000)
  eden space 260096K, 0% used [0x00000000e0000000,0x00000000e0000000,0x00000000efe00000)
  from space 13824K, 0% used [0x00000000f0d80000,0x00000000f0d80000,0x00000000f1b00000)
  to   space 14848K, 0% used [0x00000000efe00000,0x00000000efe00000,0x00000000f0c80000)
 ParOldGen       total 61952K, used 18787K [0x00000000a0000000, 0x00000000a3c80000, 0x00000000e0000000)
  object space 61952K, 30% used [0x00000000a0000000,0x00000000a1258ff8,0x00000000a3c80000)
 Metaspace       used 34496K, capacity 35290K, committed 35416K, reserved 1079296K
  class space    used 4832K, capacity 5090K, committed 5120K, reserved 1048576K
}
Event: 78.764 GC heap before
{Heap before GC invocations=9 (full 2):
 PSYoungGen      total 273920K, used 260096K [0x00000000e0000000, 0x00000000f1b00000, 0x0000000100000000)
  eden space 260096K, 100% used [0x00000000e0000000,0x00000000efe00000,0x00000000efe00000)
  from space 13824K, 0% used [0x00000000f0d80000,0x00000000f0d80000,0x00000000f1b00000)
  to   space 14848K, 0% used [0x00000000efe00000,0x00000000efe00000,0x00000000f0c80000)
 ParOldGen       total 61952K, used 18787K [0x00000000a0000000, 0x00000000a3c80000, 0x00000000e0000000)
  object space 61952K, 30% used [0x00000000a0000000,0x00000000a1258ff8,0x00000000a3c80000)
 Metaspace       used 51015K, capacity 52660K, committed 52864K, reserved 1095680K
  class space    used 7033K, capacity 7436K, committed 7552K, reserved 1048576K

